2023.03.16 22:00:51 INFO  Started: Metals version 0.11.11 in workspace '/home/karina/Документы/Java_my_rep.' for client Visual Studio Code 1.76.1.
SLF4J: No SLF4J providers were found.
SLF4J: Defaulting to no-operation (NOP) logger implementation
SLF4J: See https://www.slf4j.org/codes.html#noProviders for further details.
SLF4J: Class path contains SLF4J bindings targeting slf4j-api versions 1.7.x or earlier.
SLF4J: Ignoring binding found at [jar:file:/home/karina/.cache/coursier/v1/https/repo1.maven.org/maven2/com/outr/scribe-slf4j_2.13/3.11.0/scribe-slf4j_2.13-3.11.0.jar!/org/slf4j/impl/StaticLoggerBinder.class]
SLF4J: See https://www.slf4j.org/codes.html#ignoredBindings for an explanation.
2023.03.16 22:00:53 INFO  time: initialize in 1.95s
2023.03.16 22:00:59 WARN  Build server is not auto-connectable.
2023.03.16 22:00:59 WARN  no build tool detected in workspace '/home/karina/Документы/Java_my_rep.'. The most common cause for this problem is that the editor was opened in the wrong working directory, for example if you use sbt then the workspace directory should contain build.sbt. 
2023.03.16 22:00:59 WARN  no build target for: /home/karina/Документы/Java_my_rep./Main.java
2023.03.16 22:00:59 WARN  no build target for: /home/karina/Документы/Java_my_rep./MathUtils.java
мар. 16, 2023 10:00:59 PM org.eclipse.lsp4j.jsonrpc.RemoteEndpoint handleCancellation
WARNING: Unmatched cancel notification for request id 7
мар. 16, 2023 10:00:59 PM org.eclipse.lsp4j.jsonrpc.RemoteEndpoint handleCancellation
WARNING: Unmatched cancel notification for request id 8
мар. 16, 2023 10:00:59 PM org.eclipse.lsp4j.jsonrpc.RemoteEndpoint handleCancellation
WARNING: Unmatched cancel notification for request id 3
2023.03.16 22:01:05 INFO  time: code lens generation in 5.97s
2023.03.16 22:01:05 INFO  time: code lens generation in 4.45s
2023.03.16 22:11:34 INFO  Shutting down server
2023.03.16 22:11:34 INFO  shutting down Metals
2023.03.16 22:11:34 INFO  Exiting server
